Arguments: 
  C:\Program Files\nodejs\node.exe C:\Users\haohui\AppData\Roaming\npm\node_modules\yarn\bin\yarn.js publish

PATH: 
  C:\Windows\system32;C:\Windows;C:\Windows\System32\Wbem;C:\Windows\System32\WindowsPowerShell\v1.0\;C:\Windows\System32\OpenSSH\;C:\Program Files (x86)\NVIDIA Corporation\PhysX\Common;C:\Program Files\NVIDIA Corporation\NVIDIA NvDLISR;C:\Program Files\Git\cmd;C:\WINDOWS\system32;C:\WINDOWS;C:\WINDOWS\System32\Wbem;C:\WINDOWS\System32\WindowsPowerShell\v1.0\;C:\WINDOWS\System32\OpenSSH\;C:\Program Files\nodejs\;C:\Program Files\dotnet\;C:\Program Files\Docker\Docker\resources\bin;C:\Users\haohui\AppData\Local\pnpm;C:\Users\haohui\AppData\Local\Programs\Python\Python310\Scripts\;C:\Users\haohui\AppData\Local\Programs\Python\Python310\;C:\Users\haohui\AppData\Local\Microsoft\WindowsApps;;C:\Users\haohui\AppData\Local\Programs\Microsoft VS Code\bin;C:\Users\haohui\AppData\Roaming\npm

Yarn version: 
  1.22.19

Node version: 
  18.12.1

Platform: 
  win32 x64

Trace: 
  Error: https://registry.npmmirror.com/-/user/org.couchdb.user:moayuisuda: [FORBIDDEN] Public registration is not allowed
      at params.callback [as _callback] (C:\Users\haohui\AppData\Roaming\npm\node_modules\yarn\lib\cli.js:66145:18)
      at self.callback (C:\Users\haohui\AppData\Roaming\npm\node_modules\yarn\lib\cli.js:140890:22)
      at Request.emit (node:events:513:28)
      at Request.<anonymous> (C:\Users\haohui\AppData\Roaming\npm\node_modules\yarn\lib\cli.js:141862:10)
      at Request.emit (node:events:513:28)
      at Gunzip.<anonymous> (C:\Users\haohui\AppData\Roaming\npm\node_modules\yarn\lib\cli.js:141784:12)
      at Object.onceWrapper (node:events:627:28)
      at Gunzip.emit (node:events:513:28)
      at endReadableNT (node:internal/streams/readable:1359:12)
      at process.processTicksAndRejections (node:internal/process/task_queues:82:21)

npm manifest: 
  {
    "name": "moa-roll",
    "version": "1.1.20",
    "description": "> TODO: description",
    "author": "anhaohui.ahh <anhaohui.ahh@antgroup.com>",
    "homepage": "",
    "license": "ISC",
    "main": "lib/index.js",
    "typings": "lib/index.d.ts",
    "directories": {
      "lib": "lib",
      "test": "__tests__"
    },
    "files": [
      "lib"
    ],
    "scripts": {
      "test": "echo \"Error: run tests from root\" && exit 1",
      "build": "rollup -c",
      "watch": "rollup -cw"
    },
    "dependencies": {
      "classnames": "^2.3.2",
      "lodash": "^4.17.21",
      "mobx": "^6.6.2",
      "mobx-react": "^7.5.3",
      "react": "^17.0.2",
      "tone": "^14.7.77"
    },
    "devDependencies": {
      "@rollup/plugin-alias": "^3.1.9",
      "@rollup/plugin-commonjs": "^21.0.2",
      "@rollup/plugin-node-resolve": "^13.1.3",
      "@rollup/plugin-strip": "^2.1.0",
      "@rollup/plugin-typescript": "^8.3.1",
      "@types/lodash": "^4.14.182",
      "@types/react": "^18.0.26",
      "@types/uuid": "^8.3.4",
      "less": "^4.1.3",
      "postcss": "^8.4.20",
      "rollup": "^2.68.0",
      "rollup-plugin-postcss": "^4.0.2",
      "typescript": "^4.5.5"
    }
  }

yarn manifest: 
  No manifest

Lockfile: 
  No lockfile
